C51 COMPILER V9.54   MAIN                                                                  03/20/2023 22:11:31 PAGE 1   


C51 COMPILER V9.54, COMPILATION OF MODULE MAIN
OBJECT MODULE PLACED IN .\Objects\main.obj
COMPILER INVOKED BY: C:\Keil_v5\C51\BIN\C51.EXE main.c OPTIMIZE(8,SPEED) BROWSE DEBUG OBJECTEXTEND PRINT(.\Listings\main
                    -.lst) TABS(2) OBJECT(.\Objects\main.obj)

line level    source

   1          #include <REGX52.H>
   2          #include "MatrixLD.h"
   3          #include "Timer0.h"
   4          
   5          sbit RCK = P3^5;
   6          sbit SCK = P3^6;
   7          sbit SER = P3^4;
   8          
   9          static unsigned char count = 0;
  10          static unsigned int T0Count = 0;
  11          unsigned char MatrixCol[] = {0xFF,0x08,0x08,0x08,0xFF,0x00,0x1F,0x15,
  12                                       0x1D,0x00,0x00,0xFF,0x01,0x02,0x00,0xFF,
  13                                       0x02,0x00,0x08,0x14,0x22,0x22,0x14,0x08,
  14                                       0x00,0xF1,0x1F,0x10,0x44,0x4C,0x54,0x64,
  15                                       0x00,0x00,0x00,0x00,0x00,0x00,0x00,0x00,};
  16          
  17          void main ()
  18          {
  19   1           SCK = 0;
  20   1           RCK = 0;
  21   1            while(1)
  22   1          {
  23   2             Matrixled(0,MatrixCol[0]);
  24   2             Matrixled(1,MatrixCol[1]);
  25   2             Matrixled(2,MatrixCol[2]);
  26   2             Matrixled(3,MatrixCol[3]);
  27   2             Matrixled(4,MatrixCol[4]);
  28   2             Matrixled(5,MatrixCol[5]);
  29   2             Matrixled(6,MatrixCol[6]);
  30   2             Matrixled(7,MatrixCol[7]);
  31   2          }
  32   1      }
  33          
  34          //void Timer0(void) interrupt 1
  35          //{
  36          //  TH0= 0xFC;
  37          //  TL0= 0x66;
  38          //  T0Count++;
  39          //  if(T0Count>=1000)
  40          //  {
  41          //    T0Count=0;
  42          //    count++;
  43          //  }
  44          //}
  45          


MODULE INFORMATION:   STATIC OVERLAYABLE
   CODE SIZE        =     62    ----
   CONSTANT SIZE    =   ----    ----
   XDATA SIZE       =   ----    ----
   PDATA SIZE       =   ----    ----
   DATA SIZE        =     43    ----
   IDATA SIZE       =   ----    ----
C51 COMPILER V9.54   MAIN                                                                  03/20/2023 22:11:31 PAGE 2   

   BIT SIZE         =   ----    ----
END OF MODULE INFORMATION.


C51 COMPILATION COMPLETE.  0 WARNING(S),  0 ERROR(S)
