C51 COMPILER V9.54   TIMER0                                                                03/20/2023 22:11:31 PAGE 1   


C51 COMPILER V9.54, COMPILATION OF MODULE TIMER0
OBJECT MODULE PLACED IN .\Objects\Timer0.obj
COMPILER INVOKED BY: C:\Keil_v5\C51\BIN\C51.EXE Timer0.c OPTIMIZE(8,SPEED) BROWSE DEBUG OBJECTEXTEND PRINT(.\Listings\Ti
                    -mer0.lst) TABS(2) OBJECT(.\Objects\Timer0.obj)

line level    source

   1          #include <REGX52.H>
   2          
   3          /**
   4             *@brief  定时器赋初值
   5             *@param  无
   6             *@retval 无
   7            */
   8          
   9          void Timer0Init(void)   //1毫秒@11.0592MHz
  10          {
  11   1        TMOD &= 0xF0;   //设置定时器模式
  12   1        TMOD |= 0x01;   //设置定时器模式
  13   1        TL0 = 0x66;   //设置定时初值
  14   1        TH0 = 0xFC;   //设置定时初值
  15   1        TF0 = 0;    //清除TF0标志
  16   1        TR0 = 1;    //定时器0开始计时
  17   1        ET0=1;
  18   1        EA=1;
  19   1        PT0=1;
  20   1      }
  21          
  22          
  23          /*计时器的中断服务程序模板
  24          void Timer0(void) interrupt 1
  25          {
  26            TH0= 0xFC;
  27            TL0= 0x66;
  28            T0Count++;
  29            if(T0Count>=1000)
  30            {
  31              T0Count=0;
  32            }
  33          }
  34          */


MODULE INFORMATION:   STATIC OVERLAYABLE
   CODE SIZE        =     23    ----
   CONSTANT SIZE    =   ----    ----
   XDATA SIZE       =   ----    ----
   PDATA SIZE       =   ----    ----
   DATA SIZE        =   ----    ----
   IDATA SIZE       =   ----    ----
   BIT SIZE         =   ----    ----
END OF MODULE INFORMATION.


C51 COMPILATION COMPLETE.  0 WARNING(S),  0 ERROR(S)
