C51 COMPILER V9.54   XPT2046                                                               10/11/2024 20:58:27 PAGE 1   


C51 COMPILER V9.54, COMPILATION OF MODULE XPT2046
OBJECT MODULE PLACED IN .\Objects\XPT2046.obj
COMPILER INVOKED BY: D:\ProgramFiles\DevKits\Keil5_MDK\C51\BIN\C51.EXE XPT2046.c OPTIMIZE(8,SPEED) BROWSE DEBUG OBJECTEX
                    -TEND PRINT(.\Listings\XPT2046.lst) OBJECT(.\Objects\XPT2046.obj)

line level    source

   1          #include <REGX52.H>
   2          #include "Delay.h"
   3          
   4          sbit XPT2046_CS = P3^5;
   5          sbit XPT2046_DCLK = P3^6;
   6          sbit XPT2046_DIN = P3^4;
   7          sbit XPT2046_DOUT = P3^7;
   8          
   9          
  10          unsigned int XPT2046_ReadAD(unsigned char Command)
  11          {
  12   1              unsigned char i;
  13   1              unsigned int ADValue;
  14   1              XPT2046_DCLK = 0;   //默认为低电平
  15   1              XPT2046_CS= 0;      //CS置低电平,片选通过
  16   1              
  17   1              
  18   1              for(i=0;i<8;i++)
  19   1              {
  20   2                      XPT2046_DIN = Command & (0x80>>i);
  21   2                      XPT2046_DCLK = 1;   //高电平,上升沿主机输入,从机输出(接收)
  22   2                      Delay1ms(1);
  23   2                      XPT2046_DCLK = 0;   //默认低电平,下降沿不读入任何数据
  24   2              }
  25   1              
  26   1              
  27   1              for(i=0;i<16;i++)
  28   1              {
  29   2                      XPT2046_DCLK = 1;   //先上升沿主机输入,从机输出(接收)
  30   2                      XPT2046_DCLK = 0;   //低电平,下降沿读入任何数据 
  31   2                      if(XPT2046_DOUT)
  32   2                      {
  33   3                              ADValue|=(0x8000>>i);  //每一位或上一个1
  34   3                      }
  35   2              }
  36   1      
  37   1              XPT2046_CS= 1;      //CS置高电平,片选结束
  38   1      
  39   1              if(Command&0x08)
  40   1              {
  41   2                      return ADValue>>8       ;
  42   2              }
  43   1              else
  44   1              {
  45   2                      return ADValue>>4;      
  46   2              }
  47   1              
  48   1              
  49   1      }
  50          


MODULE INFORMATION:   STATIC OVERLAYABLE
   CODE SIZE        =    121    ----
C51 COMPILER V9.54   XPT2046                                                               10/11/2024 20:58:27 PAGE 2   

   CONSTANT SIZE    =   ----    ----
   XDATA SIZE       =   ----    ----
   PDATA SIZE       =   ----    ----
   DATA SIZE        =   ----       4
   IDATA SIZE       =   ----    ----
   BIT SIZE         =   ----    ----
END OF MODULE INFORMATION.


C51 COMPILATION COMPLETE.  0 WARNING(S),  0 ERROR(S)
