C51 COMPILER V9.54   MAIN                                                                  03/06/2023 15:54:37 PAGE 1   


C51 COMPILER V9.54, COMPILATION OF MODULE MAIN
OBJECT MODULE PLACED IN .\Objects\main.obj
COMPILER INVOKED BY: C:\Keil_v5\C51\BIN\C51.EXE main.c OPTIMIZE(8,SPEED) BROWSE DEBUG OBJECTEXTEND PRINT(.\Listings\main
                    -.lst) TABS(2) OBJECT(.\Objects\main.obj)

line level    source

   1          #include <REGX52.H>
   2          #include "LCD1602.h"
   3          #include "Timer0.h"
   4          #include "Delay.h"
   5          
   6          unsigned char Sec=56,Min=58,Hour=23;
   7          unsigned int T0Count=0;
   8          
   9          
  10          void main()
  11          {
  12   1        Timer0Init();
  13   1        LCD_Init();
  14   1        LCD_ShowString(1,1,"Clock:");
  15   1        LCD_ShowString(2,1,"  :  :");
  16   1        while(1)
  17   1        {
  18   2          LCD_ShowNum(2,1,Hour,2);
  19   2          LCD_ShowNum(2,4,Min,2);
  20   2          LCD_ShowNum(2,7,Sec,2);
  21   2          if(Sec>59)
  22   2          {
  23   3            Min++;
  24   3            Sec=0;
  25   3            if(Min>59)
  26   3            {
  27   4              Hour++;
  28   4              Min=0;
  29   4              if(Hour==24)
  30   4                Hour=0;
  31   4            }
  32   3          }
  33   2        }
  34   1      }
  35          
  36          void Timer0(void) interrupt 1
  37          {
  38   1        TH0= 0xFC;
  39   1        TL0= 0x66;
  40   1        T0Count++;
  41   1        if(T0Count>=1000)
  42   1        {
  43   2          T0Count=0;
  44   2          Sec++;
  45   2        }
  46   1      }


MODULE INFORMATION:   STATIC OVERLAYABLE
   CODE SIZE        =    151    ----
   CONSTANT SIZE    =     14    ----
   XDATA SIZE       =   ----    ----
   PDATA SIZE       =   ----    ----
   DATA SIZE        =      5    ----
C51 COMPILER V9.54   MAIN                                                                  03/06/2023 15:54:37 PAGE 2   

   IDATA SIZE       =   ----    ----
   BIT SIZE         =   ----    ----
END OF MODULE INFORMATION.


C51 COMPILATION COMPLETE.  0 WARNING(S),  0 ERROR(S)
