C51 COMPILER V9.54   MAIN                                                                  03/23/2023 14:53:29 PAGE 1   


C51 COMPILER V9.54, COMPILATION OF MODULE MAIN
OBJECT MODULE PLACED IN .\Objects\main.obj
COMPILER INVOKED BY: C:\Keil_v5\C51\BIN\C51.EXE main.c OPTIMIZE(8,SPEED) BROWSE DEBUG OBJECTEXTEND PRINT(.\Listings\main
                    -.lst) TABS(2) OBJECT(.\Objects\main.obj)

line level    source

   1          #include <REGX52.H>
   2          #include "LCD1602.h"
   3          #include "Delay.h"
   4          #include "Mixture.h"
   5          
   6          int main()
   7          {
   8   1        unsigned  int keyname=0;
   9   1        unsigned int password=0,count=0; 
  10   1        LCD_Init();
  11   1        LCD_ShowString(1,1,"Password:");
  12   1        while(1)
  13   1        {
  14   2          keyname=Matrixkey();
  15   2          if(keyname<10&&count<4)
  16   2          {
  17   3            password*=10;
  18   3            password+=keyname;
  19   3            count++;
  20   3            LCD_ShowNum(2,1,password,4);
  21   3          }
  22   2          else if(keyname==10)
  23   2          {
  24   3            if(password==1314)
  25   3              LCD_ShowString(1,12,"OK ");
  26   3            else
  27   3              LCD_ShowString(1,12,"ERR");
  28   3            count=0;
  29   3          }
  30   2        }
  31   1      }


MODULE INFORMATION:   STATIC OVERLAYABLE
   CODE SIZE        =    156    ----
   CONSTANT SIZE    =     18    ----
   XDATA SIZE       =   ----    ----
   PDATA SIZE       =   ----    ----
   DATA SIZE        =   ----       6
   IDATA SIZE       =   ----    ----
   BIT SIZE         =   ----    ----
END OF MODULE INFORMATION.


C51 COMPILATION COMPLETE.  0 WARNING(S),  0 ERROR(S)
