C51 COMPILER V9.54   MAIN                                                                  09/19/2022 18:10:46 PAGE 1   


C51 COMPILER V9.54, COMPILATION OF MODULE MAIN
OBJECT MODULE PLACED IN .\Objects\main.obj
COMPILER INVOKED BY: C:\Keil_v5\C51\BIN\C51.EXE main.c OPTIMIZE(8,SPEED) BROWSE DEBUG OBJECTEXTEND PRINT(.\Listings\main
                    -.lst) TABS(2) OBJECT(.\Objects\main.obj)

line level    source

   1          #include <reg52.h>
   2          
   3          
   4          
   5          typedef unsigned int u16;
   6          typedef unsigned char u8;
   7          
   8          sbit BEEP=P2^5;
   9          
  10          void delay_10us(u8 ten_us)
  11          {
  12   1        while(ten_us--);
  13   1      }
  14          
  15          int mian()
  16          {
  17   1        u16 i=2000;
  18   1        while(1)
  19   1        {
  20   2          while(i--)
  21   2          {
  22   3            BEEP=0;
  23   3            delay_10us(50);
  24   3            BEEP=1;
  25   3            delay_10us(150);
  26   3          }
  27   2          i=0;
  28   2          BEEP=0;
  29   2        }
  30   1        return 0;
  31   1      }
  32                
*** WARNING C294 IN LINE 30 OF main.c: unreachable code


MODULE INFORMATION:   STATIC OVERLAYABLE
   CODE SIZE        =     44    ----
   CONSTANT SIZE    =   ----    ----
   XDATA SIZE       =   ----    ----
   PDATA SIZE       =   ----    ----
   DATA SIZE        =   ----    ----
   IDATA SIZE       =   ----    ----
   BIT SIZE         =   ----    ----
END OF MODULE INFORMATION.


C51 COMPILATION COMPLETE.  1 WARNING(S),  0 ERROR(S)
