C51 COMPILER V9.54   AT24C02                                                               09/23/2024 16:19:00 PAGE 1   


C51 COMPILER V9.54, COMPILATION OF MODULE AT24C02
OBJECT MODULE PLACED IN .\Objects\AT24C02.obj
COMPILER INVOKED BY: D:\ProgramFiles\DevKits\Keil5_MDK\C51\BIN\C51.EXE AT24C02.c OPTIMIZE(8,SPEED) BROWSE DEBUG OBJECTEX
                    -TEND PRINT(.\Listings\AT24C02.lst) OBJECT(.\Objects\AT24C02.obj)

line level    source

   1          #include <REGX52.H>
   2          #include "I2C.h"
   3          
   4          
   5          #define AT24C02_ADDRESS  0xA0       //AT24C02从机地址
   6          
   7          
   8          /**
   9             * @brief    写入一个字节
  10             * @param    WordAddress：写入的字地址
  11             * @param        Data：写入的数据
  12             * @retval   无
  13             */
  14           
  15          void  AT24C02_WriteByte(unsigned char WordAddress,Data)
  16          {
  17   1              I2C_Start();                   //起始条件
  18   1              I2C_SendByte(AT24C02_ADDRESS);  //发送从机地址
  19   1              I2C_ReceiveAck();
  20   1              I2C_SendByte(WordAddress);      //发送字地址
  21   1              I2C_ReceiveAck();
  22   1              I2C_SendByte(Data);            //发送数据
  23   1              I2C_ReceiveAck();
  24   1              I2C_Stop();                 //终止条件
  25   1      }  
  26          
  27          /**
  28             * @brief  读取一个字节的数据
  29             * @param  WordAddress：读取数据的字地址
  30             * @retval 放回字节数据
  31             */
  32          unsigned char AT24C02_ReadByte(unsigned char WordAddress)
  33          {
  34   1              unsigned char Data;
  35   1              I2C_Start();                   //起始条件
  36   1              I2C_SendByte(AT24C02_ADDRESS);  //发送从机地址
  37   1              I2C_ReceiveAck();
  38   1              I2C_SendByte(WordAddress);      //发送字地址
  39   1              I2C_ReceiveAck();    //接收应答
  40   1      
  41   1              I2C_Start();                   //起始条件
  42   1              I2C_SendByte(AT24C02_ADDRESS | 0x01);            //发送从机地址读命令
  43   1              I2C_ReceiveAck();    //接收应答
  44   1              Data= I2C_ReceiveByte();         //接收字符
  45   1              I2C_SendAck(1);                   //发送应答
  46   1              I2C_Stop();                      //终止条件 
  47   1              return Data;
  48   1      }
  49          
  50          
  51          
  52          
  53          
  54          
C51 COMPILER V9.54   AT24C02                                                               09/23/2024 16:19:00 PAGE 2   

  55          


MODULE INFORMATION:   STATIC OVERLAYABLE
   CODE SIZE        =     84    ----
   CONSTANT SIZE    =   ----    ----
   XDATA SIZE       =   ----    ----
   PDATA SIZE       =   ----    ----
   DATA SIZE        =   ----       5
   IDATA SIZE       =   ----    ----
   BIT SIZE         =   ----    ----
END OF MODULE INFORMATION.


C51 COMPILATION COMPLETE.  0 WARNING(S),  0 ERROR(S)
