C51 COMPILER V9.54   MAIN                                                                  03/06/2023 14:37:47 PAGE 1   


C51 COMPILER V9.54, COMPILATION OF MODULE MAIN
OBJECT MODULE PLACED IN .\Objects\main.obj
COMPILER INVOKED BY: C:\Keil_v5\C51\BIN\C51.EXE main.c OPTIMIZE(8,SPEED) BROWSE DEBUG OBJECTEXTEND PRINT(.\Listings\main
                    -.lst) TABS(2) OBJECT(.\Objects\main.obj)

line level    source

   1          #include <REGX52.H>
   2          #include "Timer0.h"
   3          #include "key.h"
   4          #include <INTRINS.H>
   5          
   6          
   7          unsigned int T0Count=0;
   8          unsigned char keyNum=0,LCDMode;
   9          
  10          int main()
  11          {
  12   1        Timer0Init();
  13   1        P2=0xFE;
  14   1        while(1)
  15   1        {
  16   2          keyNum=key();
  17   2          if(keyNum)
  18   2          {
  19   3            if(keyNum==1)
  20   3              LCDMode++;
  21   3            if(LCDMode>=2)LCDMode=0;
  22   3          }
  23   2        }
  24   1      }
  25          
  26          void Timer0(void) interrupt 1
  27          {
  28   1        TH0= 0xFC;
  29   1        TL0= 0x66;
  30   1        T0Count++;
  31   1        if(T0Count>=500)
  32   1        {
  33   2          T0Count=0;
  34   2          if(LCDMode==0)
  35   2            P2=_crol_(P2,1);
  36   2          if(LCDMode==1)
  37   2            P2=_cror_(P2,1);
  38   2        }
  39   1      }


MODULE INFORMATION:   STATIC OVERLAYABLE
   CODE SIZE        =    116    ----
   CONSTANT SIZE    =   ----    ----
   XDATA SIZE       =   ----    ----
   PDATA SIZE       =   ----    ----
   DATA SIZE        =      4    ----
   IDATA SIZE       =   ----    ----
   BIT SIZE         =   ----    ----
END OF MODULE INFORMATION.


C51 COMPILATION COMPLETE.  0 WARNING(S),  0 ERROR(S)
