C51 COMPILER V9.54   MAIN                                                                  03/07/2023 22:02:58 PAGE 1   


C51 COMPILER V9.54, COMPILATION OF MODULE MAIN
OBJECT MODULE PLACED IN .\Objects\main.obj
COMPILER INVOKED BY: C:\Keil_v5\C51\BIN\C51.EXE main.c OPTIMIZE(8,SPEED) BROWSE DEBUG OBJECTEXTEND PRINT(.\Listings\main
                    -.lst) TABS(2) OBJECT(.\Objects\main.obj)

line level    source

   1          #include <REGX52.H>
   2          #include "UART.h"
   3          
   4          void main ()
   5          {
   6   1          Uart_Init();
   7   1            while(1)
   8   1            {
   9   2              
  10   2            }
  11   1      }
  12          
  13          void Uart_Rountine() interrupt 4
  14          {
  15   1        if(RI==1)
  16   1        {
  17   2          RI=0;
  18   2          P2=SBUF;
  19   2          Uart_SendByte(SBUF);
  20   2        } 
  21   1      }
  22          


MODULE INFORMATION:   STATIC OVERLAYABLE
   CODE SIZE        =     74    ----
   CONSTANT SIZE    =   ----    ----
   XDATA SIZE       =   ----    ----
   PDATA SIZE       =   ----    ----
   DATA SIZE        =   ----    ----
   IDATA SIZE       =   ----    ----
   BIT SIZE         =   ----    ----
END OF MODULE INFORMATION.


C51 COMPILATION COMPLETE.  0 WARNING(S),  0 ERROR(S)
