C51 COMPILER V9.54   INT0                                                                  10/15/2024 17:39:25 PAGE 1   


C51 COMPILER V9.54, COMPILATION OF MODULE INT0
OBJECT MODULE PLACED IN .\Objects\Int0.obj
COMPILER INVOKED BY: D:\ProgramFiles\DevKits\Keil5_MDK\C51\BIN\C51.EXE Int0.c OPTIMIZE(8,SPEED) BROWSE DEBUG OBJECTEXTEN
                    -D PRINT(.\Listings\Int0.lst) OBJECT(.\Objects\Int0.obj)

line level    source

   1          #include <REGX52.H>
   2          
   3          
   4          /**
   5             * @brief   对外部中断0进行初始化
   6             * @param   无
   7             * @retval  无
   8             */
   9          void Int0_Init(void)
  10          {
  11   1              IT0=1;    //选择触发方式   0为低电平触发，1为下降沿触发
  12   1              IE0=0;    //中断标志位置0
  13   1              EX0=1;    //外部中断0使能打开
  14   1              EA=1;     //使能总开关打开
  15   1              PX0=1;   //给外部中断较高的优先级,保证信号的实时性
  16   1      }
  17          
  18          
  19          //void Int0_Routine(void) interrupt 0
  20          //{
  21          //      
  22          //}     
  23          
  24          


MODULE INFORMATION:   STATIC OVERLAYABLE
   CODE SIZE        =     11    ----
   CONSTANT SIZE    =   ----    ----
   XDATA SIZE       =   ----    ----
   PDATA SIZE       =   ----    ----
   DATA SIZE        =   ----    ----
   IDATA SIZE       =   ----    ----
   BIT SIZE         =   ----    ----
END OF MODULE INFORMATION.


C51 COMPILATION COMPLETE.  0 WARNING(S),  0 ERROR(S)
