C51 COMPILER V9.54   MAIN                                                                  10/22/2024 22:14:52 PAGE 1   


C51 COMPILER V9.54, COMPILATION OF MODULE MAIN
OBJECT MODULE PLACED IN .\Objects\main.obj
COMPILER INVOKED BY: D:\ProgramFiles\DevKits\Keil5_MDK\C51\BIN\C51.EXE main.c OPTIMIZE(8,SPEED) BROWSE DEBUG OBJECTEXTEN
                    -D PRINT(.\Listings\main.lst) OBJECT(.\Objects\main.obj)

line level    source

   1          #include <REGX52.H>
   2          #include "Delay.h"
   3          #include "LCD1602.h"
   4          #include "IR.h"
   5          
   6          unsigned char Number;
   7          unsigned char Address,Command;
   8          
   9          unsigned char Test;
  10          
  11          int main()
  12          {
  13   1              LCD_Init();
  14   1              LCD_ShowString(1,1,"ADDR  CMD  NUM");
  15   1              LCD_ShowString(2,1,"00    00   000");
  16   1      
  17   1              IR_Init();
  18   1              
  19   1              while(1)
  20   1              {
  21   2                      if(IR_GetDataFlag() || IR_GetRepeat() )  //收到消息或者连发消息都能进入以下操作  
  22   2                                                                                               //实现连发就在于:1.标志位  2.上一个数据并未被覆盖
  23   2                      {
  24   3                              Address = IR_GetAddress();
  25   3                              Command = IR_GetCommand();
  26   3                              
  27   3                              
  28   3                              
  29   3                              
  30   3      
  31   3                              LCD_ShowHexNum(2,1,Address,2);
  32   3                              LCD_ShowHexNum(2,7,Command,2);
  33   3                              
  34   3                              if(Command==IR_VOL_MINUS)   //按下“vol-”
  35   3                              {
  36   4                                      Number--;
  37   4                              }
  38   3                              if(Command==IR_VOL_ADD)  //按下“vol+”
  39   3                              {
  40   4                                      Number++;
  41   4                              }
  42   3                              LCD_ShowNum(2,12,Number,3);
  43   3                      }
  44   2              }
  45   1              return ;
  46   1      }
  47          
  48          //void Int0_Routine(void) interrupt 0
  49          //{
  50          //      Number--;
  51          //}     
  52          


C51 COMPILER V9.54   MAIN                                                                  10/22/2024 22:14:52 PAGE 2   

MODULE INFORMATION:   STATIC OVERLAYABLE
   CODE SIZE        =    115    ----
   CONSTANT SIZE    =     30    ----
   XDATA SIZE       =   ----    ----
   PDATA SIZE       =   ----    ----
   DATA SIZE        =      4    ----
   IDATA SIZE       =   ----    ----
   BIT SIZE         =   ----    ----
END OF MODULE INFORMATION.


C51 COMPILATION COMPLETE.  0 WARNING(S),  0 ERROR(S)
