C51 COMPILER V9.54   BUZZER                                                                03/29/2023 19:26:48 PAGE 1   


C51 COMPILER V9.54, COMPILATION OF MODULE BUZZER
OBJECT MODULE PLACED IN .\Objects\Buzzer.obj
COMPILER INVOKED BY: C:\Keil_v5\C51\BIN\C51.EXE Buzzer.c OPTIMIZE(8,SPEED) BROWSE DEBUG OBJECTEXTEND PRINT(.\Listings\Bu
                    -zzer.lst) TABS(2) OBJECT(.\Objects\Buzzer.obj)

line level    source

   1          #include <REGX52.H>
   2          #include "Delay.h"
   3          
   4          sbit Buzzer  = P1^5;
   5          
   6          void Buzzer_Delay500us()    //@11.0592MHz
   7          {
   8   1        unsigned char i;
   9   1      
  10   1        
  11   1        i = 227;
  12   1        while (--i);
  13   1      }
  14          
  15          
  16          
  17          
  18          void Buzzer_Time(unsigned int ms)
  19          {
  20   1          unsigned int i;
  21   1          for(i=0;i<ms*2;i++)
  22   1          {
  23   2            Buzzer = !Buzzer;
  24   2            Buzzer_Delay500us();
  25   2          }
  26   1      }
  27          
  28          
  29          


MODULE INFORMATION:   STATIC OVERLAYABLE
   CODE SIZE        =     39    ----
   CONSTANT SIZE    =   ----    ----
   XDATA SIZE       =   ----    ----
   PDATA SIZE       =   ----    ----
   DATA SIZE        =   ----    ----
   IDATA SIZE       =   ----    ----
   BIT SIZE         =   ----    ----
END OF MODULE INFORMATION.


C51 COMPILATION COMPLETE.  0 WARNING(S),  0 ERROR(S)
