C51 COMPILER V9.54   MAIN                                                                  10/23/2024 16:57:58 PAGE 1   


C51 COMPILER V9.54, COMPILATION OF MODULE MAIN
OBJECT MODULE PLACED IN .\Objects\main.obj
COMPILER INVOKED BY: D:\ProgramFiles\DevKits\Keil5_MDK\C51\BIN\C51.EXE main.c OPTIMIZE(8,SPEED) BROWSE DEBUG OBJECTEXTEN
                    -D PRINT(.\Listings\main.lst) OBJECT(.\Objects\main.obj)

line level    source

   1          #include <REGX52.H>
   2          #include "key.h"
   3          #include "Montor.h"
   4          #include "Delay.h"
   5          #include "Nixie.h"
   6          #include "IR.h"
   7          #include "LCD1602.h"
   8          
   9          unsigned char Command,Speed;
  10          
  11          sbit LED=P2^0;
  12          
  13          
  14          
  15          int main()
  16          { 
  17   1              Montor_Init();   //电机初始化
  18   1              IR_Init();       //红外初始化
  19   1              while(1)
  20   1              {
  21   2                      if(IR_GetDataFlag())
  22   2                      {
  23   3                              Command = IR_GetCommand();
  24   3                              
  25   3                              LCD_ShowNum(2,1,Command,3);
  26   3                              
  27   3                              if(Command == IR_0){Speed = 0;}
  28   3                              if(Command == IR_1){Speed = 1;}
  29   3                              if(Command == IR_2){Speed = 2;}
  30   3                              if(Command == IR_3){Speed = 3;}
  31   3                              
  32   3      
  33   3                              if(Speed==0){Montor_SetSpeed(0);}
  34   3                              if(Speed==1){Montor_SetSpeed(60);}
  35   3                              if(Speed==2){Montor_SetSpeed(75);}
  36   3                              if(Speed==3){Montor_SetSpeed(100);}
  37   3                      }
  38   2                      Nixie_SetBuf(1,Speed);
  39   2                      Nixie_Loop();
  40   2              }
  41   1              return ;
  42   1      }
  43          
  44          
  45          


MODULE INFORMATION:   STATIC OVERLAYABLE
   CODE SIZE        =    113    ----
   CONSTANT SIZE    =   ----    ----
   XDATA SIZE       =   ----    ----
   PDATA SIZE       =   ----    ----
   DATA SIZE        =      2    ----
   IDATA SIZE       =   ----    ----
C51 COMPILER V9.54   MAIN                                                                  10/23/2024 16:57:58 PAGE 2   

   BIT SIZE         =   ----    ----
END OF MODULE INFORMATION.


C51 COMPILATION COMPLETE.  0 WARNING(S),  0 ERROR(S)
