C51 COMPILER V9.54   TIMER0                                                                10/23/2024 16:53:49 PAGE 1   


C51 COMPILER V9.54, COMPILATION OF MODULE TIMER0
OBJECT MODULE PLACED IN .\Objects\Timer0.obj
COMPILER INVOKED BY: D:\ProgramFiles\DevKits\Keil5_MDK\C51\BIN\C51.EXE Timer0.c OPTIMIZE(8,SPEED) BROWSE DEBUG OBJECTEXT
                    -END PRINT(.\Listings\Timer0.lst) OBJECT(.\Objects\Timer0.obj)

line level    source

   1          #include <REGX52.H>
   2          
   3          /**
   4             *@brief  定时器改计时器赋初值
   5             *@param  无
   6             *@retval     无
   7            */
   8                  
   9          void Timer0_Init(void)          //1毫秒@11.0592MHz
  10          {
  11   1              TMOD &= 0xF0;           //设置定时器模式
  12   1              TMOD |= 0x01;           //设置定时器模式
  13   1              TL0 = 0;                //设置定时初值
  14   1              TH0 = 0;                //设置定时初值
  15   1              TF0 = 0;                //清除TF0标志
  16   1              TR0 = 0;                //定时器0无需计时
  17   1      
  18   1      }
  19          
  20          /**
  21             * @brief   设置定时器时间
  22             * @param   定时器计时时间
  23             * @retval  无
  24             */
  25          void Timer0_SetCounter(unsigned int Value)
  26          {
  27   1              TH0=Value/256;
  28   1              TL0=Value%256;
  29   1      }
  30          
  31          /** 
  32             * @brief   得到定时器当前的时间
  33             * @param   无
  34             * @retval  放回定时器存储的时间
  35             */
  36          unsigned int Timer0_GetCounter(void)
  37          {
  38   1              return (TH0<<8)|TL0;  
  39   1      }
  40          
  41          /**
  42             * @brief   停止或开始计时
  43             * @param   标志位
  44             *          Flag为1时,开始计时
  45             *          Flag为0时,停止计时
  46             * @retval  无
  47             */
  48          void  Timer0_Run(unsigned char Flag)
  49          {
  50   1              TR0=Flag;
  51   1      }
  52                   
  53          
  54          
C51 COMPILER V9.54   TIMER0                                                                10/23/2024 16:53:49 PAGE 2   

  55          


MODULE INFORMATION:   STATIC OVERLAYABLE
   CODE SIZE        =     42    ----
   CONSTANT SIZE    =   ----    ----
   XDATA SIZE       =   ----    ----
   PDATA SIZE       =   ----    ----
   DATA SIZE        =   ----    ----
   IDATA SIZE       =   ----    ----
   BIT SIZE         =   ----    ----
END OF MODULE INFORMATION.


C51 COMPILATION COMPLETE.  0 WARNING(S),  0 ERROR(S)
