C51 COMPILER V9.54   DS18B02                                                               09/25/2024 17:37:55 PAGE 1   


C51 COMPILER V9.54, COMPILATION OF MODULE DS18B02
OBJECT MODULE PLACED IN .\Objects\DS18B02.obj
COMPILER INVOKED BY: D:\ProgramFiles\DevKits\Keil5_MDK\C51\BIN\C51.EXE DS18B02.c OPTIMIZE(8,SPEED) BROWSE DEBUG OBJECTEX
                    -TEND PRINT(.\Listings\DS18B02.lst) OBJECT(.\Objects\DS18B02.obj)

line level    source

   1          #include <REGX52.H>
   2          #include "OneWire.h"
   3          
   4          
   5          
   6          #define DS18B20_CONVERT_T  0x44
   7          #define DS18B20_SKIP_ROM   0xCC
   8          #define DS18B20_READ_SCRATCHPAD  0xBE
   9          
  10          
  11          /**
  12             * @brief    刷新检测温度的函数
  13             * @param    无
  14             * @retval   无
  15             */
  16          void DS18B20_ConvertT(void)
  17          {
  18   1              OneWire_Init();
  19   1              OneWire_SendByte(DS18B20_SKIP_ROM);
  20   1              OneWire_SendByte(DS18B20_CONVERT_T);
  21   1      }
  22          
  23          /**
  24             * @brief    读取检测温度的函数
  25             * @param    无
  26             * @retval   返回读取的温度,
  27             */
  28          float DS18B20_ReadT(void)
  29          {
  30   1              unsigned char TLSB,TMSB;
  31   1              int Temp;
  32   1              float T;
  33   1              OneWire_Init();
  34   1              OneWire_SendByte(DS18B20_SKIP_ROM);
  35   1              OneWire_SendByte(DS18B20_READ_SCRATCHPAD);
  36   1              TLSB = OneWire_ReceiveByte();
  37   1              TMSB = OneWire_ReceiveByte();
  38   1      
  39   1              Temp = (TMSB<<8) | TLSB;
  40   1              T = Temp /16.0;            //将存储数据进行逻辑上的转换
  41   1              return T;
  42   1      }
  43          
  44          


MODULE INFORMATION:   STATIC OVERLAYABLE
   CODE SIZE        =     57    ----
   CONSTANT SIZE    =   ----    ----
   XDATA SIZE       =   ----    ----
   PDATA SIZE       =   ----    ----
   DATA SIZE        =   ----       1
   IDATA SIZE       =   ----    ----
   BIT SIZE         =   ----    ----
C51 COMPILER V9.54   DS18B02                                                               09/25/2024 17:37:55 PAGE 2   

END OF MODULE INFORMATION.


C51 COMPILATION COMPLETE.  0 WARNING(S),  0 ERROR(S)
