C51 COMPILER V9.54   KEY                                                                   09/25/2024 21:09:16 PAGE 1   


C51 COMPILER V9.54, COMPILATION OF MODULE KEY
OBJECT MODULE PLACED IN .\Objects\key.obj
COMPILER INVOKED BY: D:\ProgramFiles\DevKits\Keil5_MDK\C51\BIN\C51.EXE key.c OPTIMIZE(8,SPEED) BROWSE DEBUG OBJECTEXTEND
                    - PRINT(.\Listings\key.lst) OBJECT(.\Objects\key.obj)

line level    source

   1          #include <REGX52.H>
   2          #include "Delay.h"
   3          
   4          unsigned char KeyNum;
   5          
   6          
   7          /**
   8             * @brief   外部获取键值函数
   9             * @param   无
  10             * @retval  被按下按键的键值
  11             */
  12          unsigned char Key(void)
  13          {
  14   1              unsigned char Temp = 0;
  15   1              Temp = KeyNum;
  16   1              KeyNum=0;
  17   1              return Temp;
  18   1      }
  19          
  20          
  21          /**
  22             * @brief   获取按键的状态
  23             * @param   无
  24             * @retval  返回被按下按键的逻辑值
  25             */
  26          unsigned char Key_GetState()
  27          {
  28   1              unsigned char KeyNumber = 0;
  29   1              
  30   1              if(P3_1==0){KeyNumber = 1;}
  31   1              if(P3_0==0){KeyNumber = 2;}
  32   1              if(P3_2==0){KeyNumber = 3;}
  33   1              if(P3_3==0){KeyNumber = 4;}
  34   1              
  35   1              return KeyNumber;
  36   1      }
  37          
  38          
  39          /**
  40             * @brief   键盘的定时执行函数
  41             * @param   无
  42             * @retval  无
  43             */
  44          void Key_Loop()
  45          {
  46   1              static unsigned char NowState,LastState;   //记录上20ms的状态和当前的状态
  47   1              LastState = NowState;                      //记录前20ms的状态
  48   1              NowState = Key_GetState();
  49   1              if(LastState==1&&NowState==0)
  50   1              {
  51   2                      KeyNum=1;
  52   2              }
  53   1              if(LastState==2&&NowState==0)
  54   1              {
C51 COMPILER V9.54   KEY                                                                   09/25/2024 21:09:16 PAGE 2   

  55   2                      KeyNum=2;
  56   2              }
  57   1              if(LastState==3&&NowState==0)
  58   1              {
  59   2                      KeyNum=3;
  60   2              }
  61   1              if(LastState==4&&NowState==0)
  62   1              {
  63   2                      KeyNum=4;
  64   2              }
  65   1      }
  66          
  67          


MODULE INFORMATION:   STATIC OVERLAYABLE
   CODE SIZE        =     85    ----
   CONSTANT SIZE    =   ----    ----
   XDATA SIZE       =   ----    ----
   PDATA SIZE       =   ----    ----
   DATA SIZE        =      3    ----
   IDATA SIZE       =   ----    ----
   BIT SIZE         =   ----    ----
END OF MODULE INFORMATION.


C51 COMPILATION COMPLETE.  0 WARNING(S),  0 ERROR(S)
