C51 COMPILER V9.54   MAIN                                                                  09/25/2024 21:34:38 PAGE 1   


C51 COMPILER V9.54, COMPILATION OF MODULE MAIN
OBJECT MODULE PLACED IN .\Objects\main.obj
COMPILER INVOKED BY: D:\ProgramFiles\DevKits\Keil5_MDK\C51\BIN\C51.EXE main.c OPTIMIZE(8,SPEED) BROWSE DEBUG OBJECTEXTEN
                    -D PRINT(.\Listings\main.lst) OBJECT(.\Objects\main.obj)

line level    source

   1          #include <REGX52.H>
   2          #include "DS18B02.h"
   3          #include "LCD1602.h"
   4          #include "Delay.h"
   5          #include "AT24C02.h"
   6          #include "key.h"
   7          #include "Timer0.h"
   8          
   9          float T,TShow;   //TShow用于处理温度小于0时T改变的情况
  10          char TLow,THigh;
  11          unsigned char KeyNumber;
  12          
  13          
  14          int main()
  15          {
  16   1              Timer0_Init();
  17   1              /*TLow和THigh的初始化,初始化就是将存储到DS18C20的值取出来*/
  18   1              DS18B20_ConvertT();
  19   1              Delay1ms(1000);
  20   1              THigh = AT24C02_ReadByte(0);   //读出默认值
  21   1              TLow = AT24C02_ReadByte(1);        //读出默认值
  22   1              if(THigh>125||TLow<-55||THigh<=TLow)   //防止第一次数值超出限定范围
  23   1              {
  24   2                      THigh = 20;
  25   2                      TLow = 15;
  26   2              }
  27   1              
  28   1              
  29   1              LCD_Init();
  30   1              LCD_ShowString(1,1,"T:");
  31   1              LCD_ShowString(2,1,"TH:");
  32   1              LCD_ShowString(2,9,"TL:");
  33   1              LCD_ShowSignedNum(2,4,THigh,3);
  34   1              LCD_ShowSignedNum(2,12,TLow,3);
  35   1                      
  36   1              while(1)
  37   1              {
  38   2                      KeyNumber = Key();
  39   2                      /*温度读取及显示*/
  40   2                      DS18B20_ConvertT();
  41   2                      T = DS18B20_ReadT();
  42   2                      if(T<0)
  43   2                      {
  44   3                              LCD_ShowChar(1,3,'-');
  45   3                              TShow = -T;
  46   3                      }
  47   2                      else 
  48   2                      {
  49   3                              LCD_ShowChar(1,3,'+');
  50   3                              TShow = T;
  51   3                      }
  52   2                      LCD_ShowNum(1,4,T,3);    //显示整数部分
  53   2                      LCD_ShowChar(1,7,'.');   //显示小数点
  54   2                      LCD_ShowNum(1,8,(unsigned long)(TShow*100)%100,2);  //显示小数部分 
C51 COMPILER V9.54   MAIN                                                                  09/25/2024 21:34:38 PAGE 2   

  55   2                      
  56   2                      
  57   2                      
  58   2                      /*上下阈值设置及显示*/
  59   2                      if(KeyNumber)
  60   2                      {
  61   3                              if(KeyNumber == 1)
  62   3                              {
  63   4                                      THigh++;
  64   4                                      if(THigh>125){THigh=125;}
  65   4                              }
  66   3                              if(KeyNumber == 2)
  67   3                              {
  68   4                                      THigh--;
  69   4                                      if(THigh<=TLow){THigh++;}                               
  70   4                              }
  71   3                              if(KeyNumber == 3)
  72   3                              {
  73   4                                      TLow++;
  74   4                                      if(TLow>=THigh){TLow--;}                                
  75   4                              }
  76   3                              if(KeyNumber == 4)
  77   3                              {
  78   4                                      TLow--;
  79   4                                      if(TLow<-55){TLow=-55;}
  80   4      
  81   4                              }
  82   3                              LCD_ShowSignedNum(2,4,THigh,3);
  83   3                              LCD_ShowSignedNum(2,12,TLow,3);
  84   3                              
  85   3                              /*设置完阈值后写入到AT24C02中*/
  86   3                              AT24C02_WriteByte(0,THigh);
  87   3                              Delay1ms(5);
  88   3                              AT24C02_WriteByte(1,TLow);
  89   3                              Delay1ms(5);
  90   3                      
  91   3                      }
  92   2                      if(T>THigh)
  93   2                      {
  94   3                              LCD_ShowString(1,13,"OV:H");
  95   3                      }
  96   2                      else if(T<TLow)
  97   2                      {
  98   3                              LCD_ShowString(1,13,"OV:L");
  99   3                      }
 100   2                      else
 101   2                      {
 102   3                              LCD_ShowString(1,13,"    ");
 103   3                      }
 104   2              }
 105   1              return ;
 106   1      }
 107          
 108          /**
 109             * @brief   定时器中断服务函数
 110             * @param
 111             * @retval
 112             */
 113          void Timer0(void) interrupt 1
 114          {
 115   1              static unsigned int  T0Count;
 116   1              TH0= 0xFC;
C51 COMPILER V9.54   MAIN                                                                  09/25/2024 21:34:38 PAGE 3   

 117   1              TL0= 0x66;
 118   1              T0Count++;
 119   1              if(T0Count>=20)
 120   1              {
 121   2                      T0Count=0;
 122   2                      Key_Loop();
 123   2              }
 124   1      }
 125          
 126          


MODULE INFORMATION:   STATIC OVERLAYABLE
   CODE SIZE        =    619    ----
   CONSTANT SIZE    =     26    ----
   XDATA SIZE       =   ----    ----
   PDATA SIZE       =   ----    ----
   DATA SIZE        =     13    ----
   IDATA SIZE       =   ----    ----
   BIT SIZE         =   ----    ----
END OF MODULE INFORMATION.


C51 COMPILATION COMPLETE.  0 WARNING(S),  0 ERROR(S)
