C51 COMPILER V9.54   ONEWIRE                                                               09/25/2024 21:35:39 PAGE 1   


C51 COMPILER V9.54, COMPILATION OF MODULE ONEWIRE
OBJECT MODULE PLACED IN .\Objects\OneWire.obj
COMPILER INVOKED BY: D:\ProgramFiles\DevKits\Keil5_MDK\C51\BIN\C51.EXE OneWire.c OPTIMIZE(8,SPEED) BROWSE DEBUG OBJECTEX
                    -TEND PRINT(.\Listings\OneWire.lst) OBJECT(.\Objects\OneWire.obj)

line level    source

   1          #include <REGX52.H>
   2          
   3          sbit OneWire_DQ = P3^7;
   4          
   5          
   6          /**
   7             * @brief   单总线开始信号
   8             * @param   无
   9             * @retval  返回从机响应信号，0为通过，1为不通过
  10             */
  11          unsigned char OneWire_Init(void)
  12          {
  13   1              unsigned char i;
  14   1              unsigned char AckBit;  //应答位
  15   1              
  16   1              EA = 0;         //开始时序后关闭定时器,防止干扰
  17   1              
  18   1              OneWire_DQ=1;
  19   1              OneWire_DQ=0;
  20   1              
  21   1      
  22   1              i = 227;while (--i);   //延时500us
  23   1              
  24   1              OneWire_DQ=1;   //释放总线
  25   1              
  26   1              
  27   1              i = 29;while (--i);    //延时70us
  28   1              AckBit = OneWire_DQ;  //读取总线电平
  29   1              i = 227;while (--i);   //延时500us，将整个开始信号的时序走完
  30   1      
  31   1              EA = 1;   //时序结束后打开定时器
  32   1              
  33   1              return AckBit;
  34   1      }
  35          
  36          
  37          /**
  38             * @brief   主机利用单总线发送一位
  39             * @param   发送的位数    0or1
  40             * @retval  无
  41             */
  42          void OneWire_SendBit(unsigned char Bit)
  43          {
  44   1              unsigned char i;
  45   1              EA = 0;         //开始时序后关闭定时器,防止干扰
  46   1      
  47   1              OneWire_DQ=0;       //拉低总线
  48   1              i = 3;while (--i);  //延时 10us
  49   1              OneWire_DQ = Bit;
  50   1              
  51   1              i = 22;while (--i);    //延时 50us
  52   1              
  53   1              OneWire_DQ = 1;
  54   1              EA = 1;   //时序结束后打开定时器        
C51 COMPILER V9.54   ONEWIRE                                                               09/25/2024 21:35:39 PAGE 2   

  55   1      }
  56          
  57          /**
  58             * @brief    主机利用单总线接收一位
  59             * @param    无
  60             * @retval   返回位数,返回值为0或1
  61             */
  62          unsigned char OneWire_ReceiveBit(void)
  63          {
  64   1              unsigned char i;
  65   1              unsigned char Bit;
  66   1              EA = 0;         //开始时序后关闭定时器,防止干扰
  67   1                      
  68   1              OneWire_DQ=0;        //拉低总线
  69   1              i = 1;while (--i);   //延时9us
  70   1              OneWire_DQ=1;        //释放总线
  71   1              i = 1;while (--i);   //延时9us
  72   1              Bit = OneWire_DQ;
  73   1              i = 22;while (--i);  //延时 50us
  74   1              EA = 1;   //时序结束后打开定时器
  75   1              return Bit;
  76   1      }
  77          
  78          
  79          /**
  80             * @brief   利用单总线发送一个字节
  81             * @param   发送的字节
  82             * @retval  无
  83             */
  84          void OneWire_SendByte(unsigned char Byte)
  85          {
  86   1              unsigned char i;
  87   1              
  88   1              for(i=0;i<8;i++)
  89   1              {
  90   2                      OneWire_SendBit(Byte&(0x01<<i));
  91   2              }
  92   1      }
  93          
  94          
  95          
  96          /**
  97             * @brief   主机利用单总线接收一个字节
  98             * @param   无
  99             * @retval  接收到的字节
 100             */
 101          unsigned char OneWire_ReceiveByte(void)
 102          {
 103   1              unsigned char i;
 104   1              unsigned char Byte = 0x00;
 105   1              for(i=0;i<8;i++)
 106   1              {
 107   2                      if(OneWire_ReceiveBit()) {Byte |= (0x01<<i);} 
 108   2              }
 109   1              return Byte;
 110   1      }
 111          


MODULE INFORMATION:   STATIC OVERLAYABLE
   CODE SIZE        =    134    ----
   CONSTANT SIZE    =   ----    ----
C51 COMPILER V9.54   ONEWIRE                                                               09/25/2024 21:35:39 PAGE 3   

   XDATA SIZE       =   ----    ----
   PDATA SIZE       =   ----    ----
   DATA SIZE        =   ----    ----
   IDATA SIZE       =   ----    ----
   BIT SIZE         =   ----    ----
END OF MODULE INFORMATION.


C51 COMPILATION COMPLETE.  0 WARNING(S),  0 ERROR(S)
