C51 COMPILER V9.54   MAIN                                                                  09/27/2024 16:01:45 PAGE 1   


C51 COMPILER V9.54, COMPILATION OF MODULE MAIN
OBJECT MODULE PLACED IN .\Objects\main.obj
COMPILER INVOKED BY: D:\ProgramFiles\DevKits\Keil5_MDK\C51\BIN\C51.EXE main.c OPTIMIZE(8,SPEED) BROWSE DEBUG OBJECTEXTEN
                    -D PRINT(.\Listings\main.lst) OBJECT(.\Objects\main.obj)

line level    source

   1          #include <REGX52.H>
   2          #include "LCD1602.h"
   3          #include "Delay.h"
   4          
   5          int main()
   6          {
   7   1              LCD_Init();
   8   1              LCD_ShowChar(1,1,'A');
   9   1              LCD_ShowString(1,3,"Hello");
  10   1              LCD_ShowNum(1,9,77,3);
  11   1              LCD_ShowSignedNum(1,13,-99,3);
  12   1              LCD_ShowHexNum(2,1,0xF5,2);
  13   1              LCD_BinNum(2,4,0xF5,8);   //51无法识别二进制数表示
  14   1              LCD_ShowChar(2,13,0xDF);
  15   1              LCD_ShowChar(2,14,'C');
  16   1              LCD_ShowChar(2,16,0xE2);
  17   1              
  18   1              
  19   1              LCD_ShowString(1,16,"Welcome to China!");
  20   1              while(1)
  21   1              {
  22   2                      LCD_WriteCommand(0x18);
  23   2                      Delay1ms(500);
  24   2              }
  25   1              return ;
  26   1      }
  27          


MODULE INFORMATION:   STATIC OVERLAYABLE
   CODE SIZE        =    135    ----
   CONSTANT SIZE    =     24    ----
   XDATA SIZE       =   ----    ----
   PDATA SIZE       =   ----    ----
   DATA SIZE        =   ----    ----
   IDATA SIZE       =   ----    ----
   BIT SIZE         =   ----    ----
END OF MODULE INFORMATION.


C51 COMPILATION COMPLETE.  0 WARNING(S),  0 ERROR(S)
