C51 COMPILER V9.54   KEY                                                                   09/23/2024 18:03:55 PAGE 1   


C51 COMPILER V9.54, COMPILATION OF MODULE KEY
OBJECT MODULE PLACED IN .\Objects\key.obj
COMPILER INVOKED BY: D:\ProgramFiles\DevKits\Keil5_MDK\C51\BIN\C51.EXE key.c OPTIMIZE(8,SPEED) BROWSE DEBUG OBJECTEXTEND
                    - PRINT(.\Listings\key.lst) OBJECT(.\Objects\key.obj)

line level    source

   1          #include <REGX52.H>
   2          #include "Delay.h"
   3          
   4          unsigned char KeyNum;
   5          
   6          unsigned char Key(void)
   7          {
   8   1              unsigned char Temp = 0;
   9   1              Temp = KeyNum;
  10   1              KeyNum=0;
  11   1              return Temp;
  12   1      }
  13          
  14          unsigned char Key_GetState()
  15          {
  16   1              unsigned char KeyNumber = 0;
  17   1              
  18   1              if(P3_1==0){KeyNumber = 1;}
  19   1              if(P3_0==0){KeyNumber = 2;}
  20   1              if(P3_2==0){KeyNumber = 3;}
  21   1              if(P3_3==0){KeyNumber = 4;}
  22   1              
  23   1              return KeyNumber;
  24   1      }
  25          
  26          
  27          /**
  28             * @brief   键盘的定时执行函数
  29             * @param   无
  30             * @retval  无
  31             */
  32          void Key_Loop()
  33          {
  34   1              static unsigned char NowState,LastState;   //记录上20ms的状态和当前的状态
  35   1              LastState = NowState;                      //记录前20ms的状态
  36   1              NowState = Key_GetState();
  37   1              if(LastState==1&&NowState==0)
  38   1              {
  39   2                      KeyNum=1;
  40   2              }
  41   1              if(LastState==2&&NowState==0)
  42   1              {
  43   2                      KeyNum=2;
  44   2              }
  45   1              if(LastState==3&&NowState==0)
  46   1              {
  47   2                      KeyNum=3;
  48   2              }
  49   1              if(LastState==4&&NowState==0)
  50   1              {
  51   2                      KeyNum=4;
  52   2              }
  53   1      }
  54          
C51 COMPILER V9.54   KEY                                                                   09/23/2024 18:03:55 PAGE 2   

  55          


MODULE INFORMATION:   STATIC OVERLAYABLE
   CODE SIZE        =     85    ----
   CONSTANT SIZE    =   ----    ----
   XDATA SIZE       =   ----    ----
   PDATA SIZE       =   ----    ----
   DATA SIZE        =      3    ----
   IDATA SIZE       =   ----    ----
   BIT SIZE         =   ----    ----
END OF MODULE INFORMATION.


C51 COMPILATION COMPLETE.  0 WARNING(S),  0 ERROR(S)
