C51 COMPILER V9.54   MAIN                                                                  09/26/2024 11:45:07 PAGE 1   


C51 COMPILER V9.54, COMPILATION OF MODULE MAIN
OBJECT MODULE PLACED IN .\Objects\main.obj
COMPILER INVOKED BY: D:\ProgramFiles\DevKits\Keil5_MDK\C51\BIN\C51.EXE main.c OPTIMIZE(8,SPEED) BROWSE DEBUG OBJECTEXTEN
                    -D PRINT(.\Listings\main.lst) OBJECT(.\Objects\main.obj)

line level    source

   1          #include <REGX52.H>
   2          #include "Timer0.h"
   3          #include "Delay.h"
   4          #include "Nixie.h"
   5          #include "Key.h"
   6          #include "I2C.h"
   7          #include "AT24C02.h"
   8          
   9          unsigned char KeyNumber; 
  10          unsigned char Minute,Sec,MiniSec;    //时分秒
  11          unsigned  char RunFlag;      //跑秒标志位
  12          
  13          int main()
  14          {
  15   1              Timer0_Init();  //初始化定时器
  16   1              while(1)
  17   1              {
  18   2                      KeyNumber=Key();
  19   2                      if(KeyNumber==1)
  20   2                      {
  21   3                              RunFlag=!RunFlag;
  22   3                      }
  23   2                      if(KeyNumber==2)
  24   2                      {
  25   3                              Minute=0;
  26   3                              Sec=0;
  27   3                              MiniSec=0;
  28   3                      }
  29   2                      if(KeyNumber==3)
  30   2                      {
  31   3                              AT24C02_WriteByte(0,Minute);   //写分钟数据
  32   3                              Delay1ms(5);
  33   3                              AT24C02_WriteByte(1,Sec);   //写秒数据
  34   3                              Delay1ms(5);
  35   3                              AT24C02_WriteByte(2,MiniSec);   //写mini秒数据
  36   3                              Delay1ms(5);
  37   3                      }
  38   2                      if(KeyNumber==4)
  39   2                      {
  40   3                              Minute=AT24C02_ReadByte(0);  //读分钟数据
  41   3                              Sec=AT24C02_ReadByte(1);  //读秒数据
  42   3                              MiniSec=AT24C02_ReadByte(2);  //读mini秒数据
  43   3                      }
  44   2                      
  45   2                              //将分秒mini秒写入到数码管的缓存中
  46   2                              Nixie_SetBuf(8,Minute/10);
  47   2                              Nixie_SetBuf(7,Minute%10);
  48   2                              Nixie_SetBuf(6,16);
  49   2                              Nixie_SetBuf(5,Sec/10);
  50   2                              Nixie_SetBuf(4,Sec%10);
  51   2                              Nixie_SetBuf(3,16);
  52   2                              Nixie_SetBuf(2,MiniSec/10);
  53   2                              Nixie_SetBuf(1,MiniSec%10);     
  54   2              }
C51 COMPILER V9.54   MAIN                                                                  09/26/2024 11:45:07 PAGE 2   

  55   1              return ;
  56   1      }
  57          /**
  58             * @brief    分秒mini秒变化的定时函数
  59             * @param    无
  60             * @retval   无
  61             */
  62          void MiniSec_Loop(void)
  63          {
  64   1              if(RunFlag)             //为了实现秒表暂停和继续设置的跑秒标志位
  65   1              {
  66   2                      MiniSec++; 
  67   2                      if(MiniSec>=100)
  68   2                      {
  69   3                              MiniSec=0;
  70   3                              Sec++;
  71   3                              if(Sec>=60)
  72   3                              {
  73   4                                      Sec=0;
  74   4                                      Minute++;
  75   4                                      if(Minute>=60)
  76   4                                      {
  77   5                                              Minute=0;
  78   5                                      }
  79   4                              }
  80   3                      }
  81   2              }
  82   1      }
  83          
  84          void Timer0(void) interrupt 1
  85          {
  86   1              static unsigned int T0Count1,T0Count2,T0Count3;
  87   1              TH0= 0xFC;
  88   1              TL0= 0x66;
  89   1              T0Count1++;
  90   1              if(T0Count1>=20)
  91   1              {
  92   2                      T0Count1=0;
  93   2                      Key_Loop();    //实现检测键盘
  94   2              }
  95   1              T0Count2++;
  96   1              if(T0Count2>=2)
  97   1              {
  98   2                      T0Count2=0;
  99   2                      Nixie_Loop();    //实现刷新数码管
 100   2              }
 101   1              T0Count3++;
 102   1              if(T0Count3>=10)
 103   1              {
 104   2                      T0Count3=0;
 105   2                      MiniSec_Loop();    //实现分秒mini秒变化的函数
 106   2              }
 107   1      }


MODULE INFORMATION:   STATIC OVERLAYABLE
   CODE SIZE        =    391    ----
   CONSTANT SIZE    =   ----    ----
   XDATA SIZE       =   ----    ----
   PDATA SIZE       =   ----    ----
   DATA SIZE        =     11    ----
   IDATA SIZE       =   ----    ----
C51 COMPILER V9.54   MAIN                                                                  09/26/2024 11:45:07 PAGE 3   

   BIT SIZE         =   ----    ----
END OF MODULE INFORMATION.


C51 COMPILATION COMPLETE.  0 WARNING(S),  0 ERROR(S)
