C51 COMPILER V9.54   NIXIE                                                                 09/26/2024 11:45:07 PAGE 1   


C51 COMPILER V9.54, COMPILATION OF MODULE NIXIE
OBJECT MODULE PLACED IN .\Objects\Nixie.obj
COMPILER INVOKED BY: D:\ProgramFiles\DevKits\Keil5_MDK\C51\BIN\C51.EXE Nixie.c OPTIMIZE(8,SPEED) BROWSE DEBUG OBJECTEXTE
                    -ND PRINT(.\Listings\Nixie.lst) OBJECT(.\Objects\Nixie.obj)

line level    source

   1          #include <REGX52.H>
   2          
   3          typedef unsigned char u8;
   4          typedef unsigned int u16;
   5          
   6          
   7          u8 Nixie_Buf[9]={0,17,17,17,17,17,17,17,17};  //用来存储我们要扫描到数码管上的数据
   8          
   9          u16 NixueTable[]={0x3f,0x06,0x5b,0x4f,
  10                                            0x66,0x6d,0x7d,0x07,
  11                                            0x7f,0x6f,0x77,0xff,
  12                                            0x39,0xbf,0x79,0x71,0x40,0x00};   //用来存储数字对应的数码管数，这些段码存储在数码管的段码表上
  13          
  14          
  15          /**
  16             * @brief    用来主函数设置数码管缓存里的数值的
  17             * @param    Location:第几根数码管
  18             * @param    Number:显示什么数字
  19             * @retval   无
  20             */
  21          void Nixie_SetBuf(u16 Location,u16 Number)
  22          {
  23   1              Nixie_Buf[Location]=Number;
  24   1      }
  25          
  26          
  27          /**
  28             * @brief   对数码管进行扫描的函数,属于硬件层面的函数
  29             * @param   无
  30             * @retval  无
  31             */
  32          void Nixie_Scan(u16 Location,u16 Number)
  33          {
  34   1              P0=0x00;
  35   1              switch(Location)
  36   1              {
  37   2                      case 1:P2_4=0;P2_3=0;P2_2=0;break;
  38   2                      case 2:P2_4=0;P2_3=0;P2_2=1;break;
  39   2                      case 3:P2_4=0;P2_3=1;P2_2=0;break;
  40   2                      case 4:P2_4=0;P2_3=1;P2_2=1;break;
  41   2                      case 5:P2_4=1;P2_3=0;P2_2=0;break;
  42   2                      case 6:P2_4=1;P2_3=0;P2_2=1;break;
  43   2                      case 7:P2_4=1;P2_3=1;P2_2=0;break;
  44   2                      case 8:P2_4=1;P2_3=1;P2_2=1;break;
  45   2              }
  46   1              P0=NixueTable[Number];
  47   1      }
  48          
  49          /**
  50             * @brief     数码管的定时执行函数
  51             * @param     无
  52             * @retval    无
  53             */
  54          void Nixie_Loop(void)
C51 COMPILER V9.54   NIXIE                                                                 09/26/2024 11:45:07 PAGE 2   

  55          {
  56   1              static unsigned char i=1;
  57   1              Nixie_Scan(i,Nixie_Buf[i]);
  58   1              i++;
  59   1              if(i>=9){i=1;}
  60   1      }
  61          
  62          
  63          


MODULE INFORMATION:   STATIC OVERLAYABLE
   CODE SIZE        =    144    ----
   CONSTANT SIZE    =   ----    ----
   XDATA SIZE       =   ----    ----
   PDATA SIZE       =   ----    ----
   DATA SIZE        =     46    ----
   IDATA SIZE       =   ----    ----
   BIT SIZE         =   ----    ----
END OF MODULE INFORMATION.


C51 COMPILATION COMPLETE.  0 WARNING(S),  0 ERROR(S)
