C51 COMPILER V9.54   MAIN                                                                  10/07/2022 21:23:31 PAGE 1   


C51 COMPILER V9.54, COMPILATION OF MODULE MAIN
OBJECT MODULE PLACED IN .\Objects\main.obj
COMPILER INVOKED BY: C:\Keil_v5\C51\BIN\C51.EXE main.c OPTIMIZE(8,SPEED) BROWSE DEBUG OBJECTEXTEND PRINT(.\Listings\main
                    -.lst) TABS(2) OBJECT(.\Objects\main.obj)

line level    source

   1          #include <REGX52.H>
   2          
   3          unsigned char LEDNum;
   4          
   5          void Delay(unsigned int xms)    
   6          {
   7   1        unsigned char i, j;
   8   1        while(xms--)
   9   1        {
  10   2          i = 2;
  11   2        j = 239;
  12   2        do
  13   2        {
  14   3          while (--j);
  15   3        } while (--i);
  16   2        }
  17   1      }
  18          
  19          int main()
  20          {
  21   1        while(1)
  22   1        {
  23   2          if(P3_1==0)
  24   2          {
  25   3            Delay(20);
  26   3            while(P3_1==0);
  27   3            Delay(20);
  28   3            
  29   3            LEDNum++;
  30   3            if(LEDNum>=8)
  31   3              LEDNum=0;
  32   3            P2=~(0x01<<LEDNum);
  33   3          }
  34   2          if(P3_0==0)
  35   2          {
  36   3            Delay(20);
  37   3            while(P3_0==0);
  38   3            Delay(20);
  39   3            
  40   3            if(LEDNum==0)
  41   3              LEDNum=7;
  42   3            else
  43   3              LEDNum--;
  44   3            P2=~(0x01<<LEDNum);
  45   3          }
  46   2        }
  47   1        return 0;
  48   1      }
  49          
  50          
  51          
*** WARNING C294 IN LINE 47 OF main.c: unreachable code


C51 COMPILER V9.54   MAIN                                                                  10/07/2022 21:23:31 PAGE 2   

MODULE INFORMATION:   STATIC OVERLAYABLE
   CODE SIZE        =    106    ----
   CONSTANT SIZE    =   ----    ----
   XDATA SIZE       =   ----    ----
   PDATA SIZE       =   ----    ----
   DATA SIZE        =      1    ----
   IDATA SIZE       =   ----    ----
   BIT SIZE         =   ----    ----
END OF MODULE INFORMATION.


C51 COMPILATION COMPLETE.  1 WARNING(S),  0 ERROR(S)
