C51 COMPILER V9.54   DS1302                                                                03/24/2023 09:27:01 PAGE 1   


C51 COMPILER V9.54, COMPILATION OF MODULE DS1302
OBJECT MODULE PLACED IN .\Objects\DS1302.obj
COMPILER INVOKED BY: C:\Keil_v5\C51\BIN\C51.EXE DS1302.c OPTIMIZE(8,SPEED) BROWSE DEBUG OBJECTEXTEND PRINT(.\Listings\DS
                    -1302.lst) TABS(2) OBJECT(.\Objects\DS1302.obj)

line level    source

   1          #include <REGX52.H>
   2          
   3          sbit DS1302_SCLK = P3^6;
   4          sbit DS1302_IO = P3^4;
   5          sbit DS1302_CE = P3^5;
   6          
   7          #define DS1302_SECOND   0x80
   8          #define DS1302_MINUTE   0x82
   9          #define DS1302_HOUR     0x84
  10          #define DS1302_DATE     0x86
  11          #define DS1302_MONTH    0x88
  12          #define DS1302_DAY      0x8A
  13          #define DS1302_YEAR     0x8C
  14          #define DS1302_WP       0x8E
  15          
  16          //创建数组来存储初始化的年月日时分秒星期
  17          unsigned char DS1302_Time[] = {23,3,23,15,10,57,4};
  18          
  19          //DS1302模块的初始化
  20          void DS1302_Init()
  21          {
  22   1        DS1302_CE = 0;
  23   1        DS1302_SCLK = 0;
  24   1      }
  25          
  26          //对DS1302进行写操作
  27          void DS1302_WriteByte(unsigned char Command,Data)
  28          {
  29   1        unsigned char i;
  30   1        DS1302_CE = 1;
  31   1        for(i=0;i<8;i++)
  32   1        {
  33   2          DS1302_IO = Command & (0x01<<i);
  34   2          DS1302_SCLK = 1;
  35   2          DS1302_SCLK = 0;
  36   2        }
  37   1        for(i=0;i<8;i++)
  38   1        {
  39   2          DS1302_IO = Data & (0x01<<i);
  40   2          DS1302_SCLK = 1;
  41   2          DS1302_SCLK = 0;
  42   2        }
  43   1          DS1302_SCLK = 0;
  44   1          DS1302_CE = 0;
  45   1      }
  46          
  47          //对DS1302进行读操作
  48          unsigned char DS1302_ReadByte(unsigned char Command)
  49          { 
  50   1        unsigned char i,Data = 0x00;
  51   1        Command = Command + 0x01;    //将原本传进来的读命令转为写命令
  52   1         
  53   1        DS1302_CE = 1;
  54   1        for(i=0;i<8;i++)
C51 COMPILER V9.54   DS1302                                                                03/24/2023 09:27:01 PAGE 2   

  55   1        {
  56   2          DS1302_IO = Command & (0x01<<i);
  57   2          DS1302_SCLK = 0;
  58   2          DS1302_SCLK = 1;
  59   2        }
  60   1        for(i=0;i<8;i++)
  61   1        {
  62   2          DS1302_SCLK = 1;
  63   2          DS1302_SCLK = 0;
  64   2          if(DS1302_IO){Data |= (0x01<<i);}
  65   2        }
  66   1        DS1302_CE = 0;
  67   1        DS1302_IO = 0;
  68   1        return Data;
  69   1      }
  70          
  71          //用来初始化时间
  72          void DS1302_SetTime()
  73          {
  74   1        DS1302_WriteByte(DS1302_WP,0x00);
  75   1        DS1302_WriteByte(DS1302_YEAR ,DS1302_Time[0]/10*16+DS1302_Time[0]%10);
  76   1        DS1302_WriteByte(DS1302_MONTH ,DS1302_Time[1]/10*16+DS1302_Time[1]%10);
  77   1        DS1302_WriteByte(DS1302_DATE ,DS1302_Time[2]/10*16+DS1302_Time[2]%10);
  78   1        DS1302_WriteByte(DS1302_HOUR ,DS1302_Time[3]/10*16+DS1302_Time[3]%10);
  79   1        DS1302_WriteByte(DS1302_MINUTE ,DS1302_Time[4]/10*16+DS1302_Time[4]%10);
  80   1        DS1302_WriteByte(DS1302_SECOND,DS1302_Time[5]/10*16+DS1302_Time[5]%10);
  81   1        DS1302_WriteByte(DS1302_DAY,DS1302_Time[6]/10*16+DS1302_Time[6]%10);
  82   1        DS1302_WriteByte(DS1302_WP,0x80);
  83   1      }
  84          
  85          //用来实时读取自己设好的时间
  86          void DS1302_ReadTime()
  87          {
  88   1        unsigned char Temper;
  89   1        
  90   1        Temper = DS1302_ReadByte(DS1302_YEAR);
  91   1        DS1302_Time[0] = Temper/16*10+Temper%16;
  92   1        
  93   1        Temper = DS1302_ReadByte(DS1302_MONTH);
  94   1        DS1302_Time[1] = Temper/16*10+Temper%16;
  95   1        
  96   1        Temper = DS1302_ReadByte(DS1302_DATE );
  97   1        DS1302_Time[2] = Temper/16*10+Temper%16;
  98   1        
  99   1        Temper = DS1302_ReadByte(DS1302_HOUR);
 100   1        DS1302_Time[3] = Temper/16*10+Temper%16;
 101   1        
 102   1        Temper = DS1302_ReadByte(DS1302_MINUTE );
 103   1        DS1302_Time[4] = Temper/16*10+Temper%16;
 104   1        
 105   1        Temper = DS1302_ReadByte(DS1302_SECOND);
 106   1        DS1302_Time[5] = Temper/16*10+Temper%16;
 107   1      }
 108          
 109          
 110          


MODULE INFORMATION:   STATIC OVERLAYABLE
   CODE SIZE        =    531    ----
   CONSTANT SIZE    =   ----    ----
   XDATA SIZE       =   ----    ----
C51 COMPILER V9.54   DS1302                                                                03/24/2023 09:27:01 PAGE 3   

   PDATA SIZE       =   ----    ----
   DATA SIZE        =      7       2
   IDATA SIZE       =   ----    ----
   BIT SIZE         =   ----    ----
END OF MODULE INFORMATION.


C51 COMPILATION COMPLETE.  0 WARNING(S),  0 ERROR(S)
