C51 COMPILER V9.54   MAIN                                                                  10/11/2024 21:30:14 PAGE 1   


C51 COMPILER V9.54, COMPILATION OF MODULE MAIN
OBJECT MODULE PLACED IN .\Objects\main.obj
COMPILER INVOKED BY: D:\ProgramFiles\DevKits\Keil5_MDK\C51\BIN\C51.EXE main.c OPTIMIZE(8,SPEED) BROWSE DEBUG OBJECTEXTEN
                    -D PRINT(.\Listings\main.lst) OBJECT(.\Objects\main.obj)

line level    source

   1          #include <REGX52.H>
   2          #include "key.h"
   3          #include "Timer0.h"
   4          #include "Delay.h"
   5          #include "Nixie.h"
   6          
   7          unsigned char Counter,Compare;
   8          unsigned char i;
   9          
  10          
  11          sbit DA = P2^1;
  12          
  13          
  14          int main()
  15          {
  16   1              Timer0_Init();   //初始化定时器
  17   1              
  18   1              while(1)
  19   1              {
  20   2                      for(i=0;i<100;i++)
  21   2                      {
  22   3                              Compare = i;
  23   3                              Delay1ms(10);
  24   3                      }
  25   2                      for(i=100;i>0;i--)
  26   2                      {
  27   3                              Compare = i;
  28   3                              Delay1ms(10);
  29   3                      }
  30   2              }
  31   1              return ;
  32   1      }
  33          
  34          
  35          void Timer0(void) interrupt 1
  36          {
  37   1      //      static unsigned char TCount0;
  38   1              TL0 = 0x9C;
  39   1              TH0 = 0xFF;
  40   1              Counter++;
  41   1              Counter%=100;   //将counter重置
  42   1              if(Counter<Compare)
  43   1              {
  44   2      //              LED=0;
  45   2                      DA=1;  //电机的极性与LED相反
  46   2              }
  47   1              else
  48   1              {
  49   2      //              LED=1;
  50   2                      DA=0;  //电机的极性与LED相反
  51   2              }
  52   1      
  53   1      }

C51 COMPILER V9.54   MAIN                                                                  10/11/2024 21:30:14 PAGE 2   


MODULE INFORMATION:   STATIC OVERLAYABLE
   CODE SIZE        =     92    ----
   CONSTANT SIZE    =   ----    ----
   XDATA SIZE       =   ----    ----
   PDATA SIZE       =   ----    ----
   DATA SIZE        =      3    ----
   IDATA SIZE       =   ----    ----
   BIT SIZE         =   ----    ----
END OF MODULE INFORMATION.


C51 COMPILATION COMPLETE.  0 WARNING(S),  0 ERROR(S)
