C51 COMPILER V9.54   TIMER0                                                                09/27/2024 22:05:50 PAGE 1   


C51 COMPILER V9.54, COMPILATION OF MODULE TIMER0
OBJECT MODULE PLACED IN .\Objects\Timer0.obj
COMPILER INVOKED BY: D:\ProgramFiles\DevKits\Keil5_MDK\C51\BIN\C51.EXE Timer0.c OPTIMIZE(8,SPEED) BROWSE DEBUG OBJECTEXT
                    -END PRINT(.\Listings\Timer0.lst) OBJECT(.\Objects\Timer0.obj)

line level    source

   1          #include <REGX52.H>
   2          
   3          /**
   4             *@brief  定时器赋初值
   5             *@param  无
   6             *@retval     无
   7            */
   8          
   9          void Timer0_Init(void)          //100微秒@11.0592MHz
  10          {
  11   1              TMOD &= 0xF0;           //设置定时器模式
  12   1              TMOD |= 0x01;           //设置定时器模式
  13   1      //      TL0 = 0xAE;             //设置定时初始值
  14   1      //      TH0 = 0xFB;             //设置定时初始值
  15   1              TL0 = 0x9C;
  16   1              TH0 = 0xFF;
  17   1              TF0 = 0;                //清除TF0标志
  18   1              TR0 = 1;                //定时器0开始计时
  19   1              ET0=1;
  20   1              EA=1;
  21   1              PT0=1;
  22   1      }
  23          
  24          
  25          /*计时器的中断服务程序模板*/
  26          //void Timer0(void) interrupt 1
  27          //{
  28          //      TL0 = 0xAE;             //设置定时初始值
  29          //      TH0 = 0xFB;             //设置定时初始值
  30          //      T0Count++;
  31          //      if(T0Count>=1000)
  32          //      {
  33          //              T0Count=0;
  34          //      }
  35          //}


MODULE INFORMATION:   STATIC OVERLAYABLE
   CODE SIZE        =     23    ----
   CONSTANT SIZE    =   ----    ----
   XDATA SIZE       =   ----    ----
   PDATA SIZE       =   ----    ----
   DATA SIZE        =   ----    ----
   IDATA SIZE       =   ----    ----
   BIT SIZE         =   ----    ----
END OF MODULE INFORMATION.


C51 COMPILATION COMPLETE.  0 WARNING(S),  0 ERROR(S)
