C51 COMPILER V9.54   MAIN                                                                  09/15/2022 18:48:47 PAGE 1   


C51 COMPILER V9.54, COMPILATION OF MODULE MAIN
OBJECT MODULE PLACED IN .\Objects\main.obj
COMPILER INVOKED BY: C:\Keil_v5\C51\BIN\C51.EXE main.c OPTIMIZE(8,SPEED) BROWSE DEBUG OBJECTEXTEND PRINT(.\Listings\main
                    -.lst) TABS(2) OBJECT(.\Objects\main.obj)

line level    source

   1          #include "reg52.h"
   2          
   3          typedef unsigned char u8;
   4          typedef unsigned int u16;
   5            
   6          sbit LED_PORT=P2^0;
   7          
   8          void Delay_10us(u16 time)
   9          {
  10   1        while(time--);
  11   1      }
  12          int main()
  13          {
  14   1        while(1)
  15   1          {
  16   2           LED_PORT=0;
  17   2           Delay_10us(50000);
  18   2           LED_PORT=1;
  19   2           Delay_10us(50000);
  20   2          } 
  21   1          return 0;
  22   1      }
*** WARNING C294 IN LINE 21 OF main.c: unreachable code


MODULE INFORMATION:   STATIC OVERLAYABLE
   CODE SIZE        =     31    ----
   CONSTANT SIZE    =   ----    ----
   XDATA SIZE       =   ----    ----
   PDATA SIZE       =   ----    ----
   DATA SIZE        =   ----    ----
   IDATA SIZE       =   ----    ----
   BIT SIZE         =   ----    ----
END OF MODULE INFORMATION.


C51 COMPILATION COMPLETE.  1 WARNING(S),  0 ERROR(S)
