C51 COMPILER V9.54   MAIN                                                                  09/25/2024 17:02:44 PAGE 1   


C51 COMPILER V9.54, COMPILATION OF MODULE MAIN
OBJECT MODULE PLACED IN .\Objects\main.obj
COMPILER INVOKED BY: D:\ProgramFiles\DevKits\Keil5_MDK\C51\BIN\C51.EXE main.c OPTIMIZE(8,SPEED) BROWSE DEBUG OBJECTEXTEN
                    -D PRINT(.\Listings\main.lst) OBJECT(.\Objects\main.obj)

line level    source

   1          #include <REGX52.H>
   2          #include "LCD1602.h"
   3          #include "DS18B02.h"
   4          #include "Delay.h"
   5          float T;
   6          
   7          
   8          int main()
   9          {
  10   1              DS18B20_ConvertT();    //提前更新检测温度,防止读出默认值
  11   1              Delay1ms(1000);
  12   1              LCD_Init();
  13   1              LCD_ShowString(1,1,"Temperature:");
  14   1              while(1)
  15   1              {
  16   2                      DS18B20_ConvertT();
  17   2                      T = DS18B20_ReadT();
  18   2                      if(T<0)
  19   2                      {
  20   3                              LCD_ShowChar(2,1,'-');
  21   3                              T = -T;
  22   3                      }
  23   2                      else
  24   2                      {
  25   3                              LCD_ShowChar(2,1,'+');
  26   3                      }
  27   2                      LCD_ShowNum(2,2,T,3);
  28   2                      LCD_ShowChar(2,5,'.');   //显示小数点
  29   2                      LCD_ShowNum(2,6,(unsigned long)(T*10000)%10000,4);   //显示小数部分
  30   2              }
  31   1              return ;
  32   1      }
  33          


MODULE INFORMATION:   STATIC OVERLAYABLE
   CODE SIZE        =    176    ----
   CONSTANT SIZE    =     13    ----
   XDATA SIZE       =   ----    ----
   PDATA SIZE       =   ----    ----
   DATA SIZE        =      4    ----
   IDATA SIZE       =   ----    ----
   BIT SIZE         =   ----    ----
END OF MODULE INFORMATION.


C51 COMPILATION COMPLETE.  0 WARNING(S),  0 ERROR(S)
