C51 COMPILER V9.54   ONEWIRE                                                               09/25/2024 16:30:33 PAGE 1   


C51 COMPILER V9.54, COMPILATION OF MODULE ONEWIRE
OBJECT MODULE PLACED IN .\Objects\OneWire.obj
COMPILER INVOKED BY: D:\ProgramFiles\DevKits\Keil5_MDK\C51\BIN\C51.EXE OneWire.c OPTIMIZE(8,SPEED) BROWSE DEBUG OBJECTEX
                    -TEND PRINT(.\Listings\OneWire.lst) OBJECT(.\Objects\OneWire.obj)

line level    source

   1          #include <REGX52.H>
   2          
   3          sbit OneWire_DQ = P3^7;
   4          
   5          
   6          /**
   7             * @brief   单总线开始信号
   8             * @param   无
   9             * @retval  返回从机响应信号，0为通过，1为不通过
  10             */
  11          unsigned char OneWire_Init(void)
  12          {
  13   1              unsigned char i;
  14   1              unsigned char AckBit;  //应答位
  15   1              
  16   1              
  17   1              OneWire_DQ=1;
  18   1              OneWire_DQ=0;
  19   1              
  20   1      
  21   1              i = 227;while (--i);   //延时500us
  22   1              
  23   1              OneWire_DQ=1;   //释放总线
  24   1              
  25   1              
  26   1              i = 29;while (--i);    //延时70us
  27   1              AckBit = OneWire_DQ;  //读取总线电平
  28   1              i = 227;while (--i);   //延时500us，将整个开始信号的时序走完
  29   1      
  30   1              
  31   1              return AckBit;
  32   1      }
  33          
  34          
  35          /**
  36             * @brief   主机利用单总线发送一位
  37             * @param   发送的位数    0or1
  38             * @retval  无
  39             */
  40          void OneWire_SendBit(unsigned char Bit)
  41          {
  42   1              unsigned char i;
  43   1              
  44   1              OneWire_DQ=0;       //拉低总线
  45   1              i = 3;while (--i);  //延时 10us
  46   1              OneWire_DQ = Bit;
  47   1              
  48   1              i = 22;while (--i);    //延时 50us
  49   1              
  50   1              OneWire_DQ = 1;
  51   1              
  52   1      }
  53          
  54          /**
C51 COMPILER V9.54   ONEWIRE                                                               09/25/2024 16:30:33 PAGE 2   

  55             * @brief    主机利用单总线接收一位
  56             * @param    无
  57             * @retval   返回位数,返回值为0或1
  58             */
  59          unsigned char OneWire_ReceiveBit(void)
  60          {
  61   1              unsigned char i;
  62   1              unsigned char Bit;
  63   1              
  64   1              OneWire_DQ=0;        //拉低总线
  65   1              i = 1;while (--i);   //延时9us
  66   1              OneWire_DQ=1;        //释放总线
  67   1              i = 1;while (--i);   //延时9us
  68   1              Bit = OneWire_DQ;
  69   1              i = 22;while (--i);  //延时 50us
  70   1              return Bit;
  71   1      }
  72          
  73          
  74          /**
  75             * @brief   利用单总线发送一个字节
  76             * @param   发送的字节
  77             * @retval  无
  78             */
  79          void OneWire_SendByte(unsigned char Byte)
  80          {
  81   1              unsigned char i;
  82   1      
  83   1              for(i=0;i<8;i++)
  84   1              {
  85   2                      OneWire_SendBit(Byte&(0x01<<i));
  86   2              }
  87   1      }
  88          
  89          
  90          
  91          /**
  92             * @brief   主机利用单总线接收一个字节
  93             * @param   无
  94             * @retval  接收到的字节
  95             */
  96          unsigned char OneWire_ReceiveByte(void)
  97          {
  98   1              unsigned char i;
  99   1              unsigned char Byte = 0x00;
 100   1              for(i=0;i<8;i++)
 101   1              {
 102   2                      if(OneWire_ReceiveBit()) {Byte |= (0x01<<i);} 
 103   2              }
 104   1              return Byte;
 105   1      }
 106          


MODULE INFORMATION:   STATIC OVERLAYABLE
   CODE SIZE        =    122    ----
   CONSTANT SIZE    =   ----    ----
   XDATA SIZE       =   ----    ----
   PDATA SIZE       =   ----    ----
   DATA SIZE        =   ----    ----
   IDATA SIZE       =   ----    ----
   BIT SIZE         =   ----    ----
C51 COMPILER V9.54   ONEWIRE                                                               09/25/2024 16:30:33 PAGE 3   

END OF MODULE INFORMATION.


C51 COMPILATION COMPLETE.  0 WARNING(S),  0 ERROR(S)
