C51 COMPILER V9.54   MAIN                                                                  03/23/2023 22:30:28 PAGE 1   


C51 COMPILER V9.54, COMPILATION OF MODULE MAIN
OBJECT MODULE PLACED IN .\Objects\main.obj
COMPILER INVOKED BY: C:\Keil_v5\C51\BIN\C51.EXE main.c OPTIMIZE(8,SPEED) BROWSE DEBUG OBJECTEXTEND PRINT(.\Listings\main
                    -.lst) TABS(2) OBJECT(.\Objects\main.obj)

line level    source

   1          #include <REGX52.H>
   2          #include "DS1302.h"
   3          #include "LCD1602.h"
   4          #include "Timer0.h"
   5          #include "key.h"
   6          
   7          unsigned char KeyNum,KeyNumboot,MODE,TimeSelect,TimeFlashFlag,T0Count;
   8          
   9          void Timeshow()
  10          {
  11   1            DS1302_ReadTime();
  12   1            LCD_ShowNum(1,1,DS1302_Time[0],2);
  13   1            LCD_ShowNum(1,4,DS1302_Time[1],2);
  14   1            LCD_ShowNum(1,7,DS1302_Time[2],2);
  15   1            LCD_ShowNum(2,1,DS1302_Time[3],2);
  16   1            LCD_ShowNum(2,4,DS1302_Time[4],2);
  17   1            LCD_ShowNum(2,7,DS1302_Time[5],2);
  18   1      }
  19          
  20          void Timeset()
  21          {
  22   1          if(KeyNum == 2)
  23   1          {
  24   2            TimeSelect++;
  25   2            TimeSelect %= 6;
  26   2          }
  27   1          if(KeyNum==3)
  28   1          {
  29   2            DS1302_Time[TimeSelect]++;
  30   2            if(DS1302_Time[0]>99){DS1302_Time[0] = 0;}
  31   2            if(DS1302_Time[1]>12){DS1302_Time[1] = 1;}
  32   2            
  33   2            if(DS1302_Time[1]==1|| DS1302_Time[1]==3 ||DS1302_Time[1]==5 ||DS1302_Time[1]==7
  34   2               ||DS1302_Time[1]==8 || DS1302_Time[1]==10|| DS1302_Time[1]==12)
  35   2            {if(DS1302_Time[2]>31) DS1302_Time[2] = 1; }
  36   2            else if(DS1302_Time[1]==4 || DS1302_Time[1]==6|| DS1302_Time[1]==9 
  37   2                   || DS1302_Time[1]==11)
  38   2            {if(DS1302_Time[2]>30) DS1302_Time[2]=1;}
  39   2            else
  40   2            {
  41   3              if(DS1302_Time[0]%4 == 0)
  42   3              {
  43   4                if(DS1302_Time[2]>29) DS1302_Time[2] = 1;
  44   4              }
  45   3              else 
  46   3              {
  47   4                if(DS1302_Time[2]>28) DS1302_Time[2] = 1;
  48   4              }
  49   3            }
  50   2            
  51   2            if(DS1302_Time[3]>23){DS1302_Time[3] = 0;}
  52   2            if(DS1302_Time[4]>59){DS1302_Time[4] = 0;}
  53   2            if(DS1302_Time[5]>59){DS1302_Time[5] = 0;}
  54   2          }
C51 COMPILER V9.54   MAIN                                                                  03/23/2023 22:30:28 PAGE 2   

  55   1          if(KeyNum == 4)
  56   1          {
  57   2            DS1302_Time[TimeSelect]--;
  58   2            if(DS1302_Time[0]<0){DS1302_Time[0] = 99;}
  59   2            if(DS1302_Time[1]<1){DS1302_Time[1] = 12;}
  60   2            
  61   2            if(DS1302_Time[1]==1 || DS1302_Time[1]==3||DS1302_Time[1]==5 ||DS1302_Time[1]==7
  62   2               ||DS1302_Time[1]==8 || DS1302_Time[1]==10 || DS1302_Time[1]==12)
  63   2            {if(DS1302_Time[2]<1) DS1302_Time[2] = 31;
  64   3             if(DS1302_Time[2]>31) DS1302_Time[2] = 1;}
  65   2            else if(DS1302_Time[1]==4||DS1302_Time[1]==6|| DS1302_Time[1]==9 
  66   2                   || DS1302_Time[1]==11)
  67   2            {if(DS1302_Time[2]<1) DS1302_Time[2]=30;
  68   3             if(DS1302_Time[2]>30) DS1302_Time[2]=1;}
  69   2            else
  70   2            {
  71   3              if(DS1302_Time[0]%4 == 0)
  72   3              {
  73   4                if(DS1302_Time[2]<1) DS1302_Time[2] = 29;
  74   4                if(DS1302_Time[2]>29) DS1302_Time[2] = 1;
  75   4              }
  76   3              else 
  77   3              {
  78   4                if(DS1302_Time[2]<1) DS1302_Time[2] = 28;
  79   4                if(DS1302_Time[2]>28) DS1302_Time[2] = 1;
  80   4              }
  81   3            }
  82   2            if(DS1302_Time[3]<0){DS1302_Time[3] = 23;}
  83   2            if(DS1302_Time[4]<0){DS1302_Time[4] = 59;}
  84   2            if(DS1302_Time[5]<0){DS1302_Time[5] = 59;}
  85   2          } 
  86   1          LCD_ShowNum(1,12,TimeSelect,2);
  87   1      }
  88          
  89          void main ()
  90          {
  91   1          LCD_Init();
  92   1          DS1302_Init();
  93   1          Timer0Init();
  94   1          DS1302_SetTime();
  95   1          LCD_ShowString(1,1,"  -  -");
  96   1          LCD_ShowString(2,1,"  :  :");
  97   1         
  98   1            while(1)
  99   1          { 
 100   2            KeyNum = Key();
 101   2            LCD_ShowNum(2,12,KeyNum,2);
 102   2            LCD_ShowNum(1,15,MODE,2);
 103   2            if(KeyNum)
 104   2            {
 105   3              if(KeyNum == 1)MODE = 1;
 106   3              if(KeyNum >= 2){MODE = 2,DS1302_SetTime();};
 107   3            }
 108   2            switch(MODE)
 109   2            {
 110   3              case 1 :Timeshow();break;
 111   3              case 2 :Timeset();break;
 112   3            }
 113   2          }
 114   1      }
 115          
 116          
C51 COMPILER V9.54   MAIN                                                                  03/23/2023 22:30:28 PAGE 3   

 117          
 118          
 119          
 120          


MODULE INFORMATION:   STATIC OVERLAYABLE
   CODE SIZE        =    692    ----
   CONSTANT SIZE    =     14    ----
   XDATA SIZE       =   ----    ----
   PDATA SIZE       =   ----    ----
   DATA SIZE        =      6    ----
   IDATA SIZE       =   ----    ----
   BIT SIZE         =   ----    ----
END OF MODULE INFORMATION.


C51 COMPILATION COMPLETE.  0 WARNING(S),  0 ERROR(S)
