C51 COMPILER V9.60.0.0   MAIN                                                              07/30/2022 20:24:12 PAGE 1   


C51 COMPILER V9.60.0.0, COMPILATION OF MODULE MAIN
OBJECT MODULE PLACED IN .\Objects\main.obj
COMPILER INVOKED BY: C:\Keil_v5\C51\BIN\C51.EXE main.c OPTIMIZE(8,SPEED) BROWSE DEBUG OBJECTEXTEND PRINT(.\Listings\main
                    -.lst) TABS(2) OBJECT(.\Objects\main.obj)

line level    source

   1          #include <REGX52.H>
   2          #include <INTRINS.H>
   3          void Delay500ms()
   4          {
   5   1        unsigned char i,j,k;
   6   1        _nop_();
   7   1        i=4;
   8   1        j=205;
   9   1        k=187;
  10   1        do
  11   1        {
  12   2          do
  13   2          {
  14   3            while(--k);
  15   3          }
  16   2          while(--j);
  17   2        }while(--i);  
  18   1      }
  19          
  20          void main()
  21          {
  22   1          while(1)
  23   1          {
  24   2            P2=0xFE;
  25   2            Delay500ms();
  26   2            P2=0xFD;
  27   2            Delay500ms();
  28   2            P2=0xFB;
  29   2            Delay500ms();
  30   2            P2=0xF7;
  31   2            Delay500ms();
  32   2            P2=0xEF;
  33   2            Delay500ms();
  34   2            P2=0xDF;
  35   2            Delay500ms();
  36   2            P2=0xBF;
  37   2            Delay500ms();
  38   2            P2=0x7F;
  39   2            Delay500ms();
  40   2          }
  41   1      }
  42          
  43          


MODULE INFORMATION:   STATIC OVERLAYABLE
   CODE SIZE        =     64    ----
   CONSTANT SIZE    =   ----    ----
   XDATA SIZE       =   ----    ----
   PDATA SIZE       =   ----    ----
   DATA SIZE        =   ----    ----
   IDATA SIZE       =   ----    ----
   BIT SIZE         =   ----    ----
END OF MODULE INFORMATION.

C51 COMPILER V9.60.0.0   MAIN                                                              07/30/2022 20:24:12 PAGE 2   


C51 COMPILATION COMPLETE.  0 WARNING(S),  0 ERROR(S)
