C51 COMPILER V9.54   MAIN                                                                  09/27/2024 22:30:34 PAGE 1   


C51 COMPILER V9.54, COMPILATION OF MODULE MAIN
OBJECT MODULE PLACED IN .\Objects\main.obj
COMPILER INVOKED BY: D:\ProgramFiles\DevKits\Keil5_MDK\C51\BIN\C51.EXE main.c OPTIMIZE(8,SPEED) BROWSE DEBUG OBJECTEXTEN
                    -D PRINT(.\Listings\main.lst) OBJECT(.\Objects\main.obj)

line level    source

   1          #include <REGX52.H>
   2          #include "key.h"
   3          #include "Timer0.h"
   4          #include "Delay.h"
   5          #include "Nixie.h"
   6          
   7          unsigned char Counter,Compare;
   8          unsigned char KeyNumber,Speed;
   9          
  10          sbit LED=P2^0;
  11          sbit Motor = P1^0;
  12          
  13          
  14          int main()
  15          {
  16   1              Timer0_Init();   //初始化定时器
  17   1              
  18   1              while(1)
  19   1              {
  20   2                      KeyNumber=Key();
  21   2                      if(KeyNumber == 1)
  22   2                      {
  23   3                              Speed++;
  24   3                              Speed%=4;  //Speed自动清零
  25   3                              if(Speed==0){Compare=0;}
  26   3                              if(Speed==1){Compare=60;}
  27   3                              if(Speed==2){Compare=75;}
  28   3                              if(Speed==3){Compare=100;}
  29   3                      }
  30   2                      Nixie_SetBuf(1,Speed);
  31   2                      Nixie_Loop();
  32   2              }
  33   1              return ;
  34   1      }
  35          
  36          
  37          void Timer0(void) interrupt 1
  38          {
  39   1      //      static unsigned char TCount0;
  40   1              TL0 = 0x9C;
  41   1              TH0 = 0xFF;
  42   1              Counter++;
  43   1              Counter%=100;   //将counter重置
  44   1              if(Counter<Compare)
  45   1              {
  46   2      //              LED=0;
  47   2                      Motor=1;  //电机的极性与LED相反
  48   2              }
  49   1              else
  50   1              {
  51   2      //              LED=1;
  52   2                      Motor=0;  //电机的极性与LED相反
  53   2              }
  54   1      
C51 COMPILER V9.54   MAIN                                                                  09/27/2024 22:30:34 PAGE 2   

  55   1      }


MODULE INFORMATION:   STATIC OVERLAYABLE
   CODE SIZE        =    104    ----
   CONSTANT SIZE    =   ----    ----
   XDATA SIZE       =   ----    ----
   PDATA SIZE       =   ----    ----
   DATA SIZE        =      4    ----
   IDATA SIZE       =   ----    ----
   BIT SIZE         =   ----    ----
END OF MODULE INFORMATION.


C51 COMPILATION COMPLETE.  0 WARNING(S),  0 ERROR(S)
